d:\cocos\projects\202005_xxl\proj.win32\release.win32\202005_xxl.lib
d:\cocos\projects\202005_xxl\proj.win32\release.win32\202005_xxl.exp
d:\cocos\projects\202005_xxl\proj.win32\release.win32\202005_xxl.ipdb
d:\cocos\projects\202005_xxl\proj.win32\release.win32\202005_xxl.iobj
d:\cocos\projects\202005_xxl\proj.win32\release.win32\gameover.obj
d:\cocos\projects\202005_xxl\proj.win32\release.win32\appdelegate.obj
d:\cocos\projects\202005_xxl\proj.win32\release.win32\gamescene.obj
d:\cocos\projects\202005_xxl\proj.win32\release.win32\main.obj
d:\cocos\projects\202005_xxl\proj.win32\release.win32\spritetype.obj
d:\cocos\projects\202005_xxl\proj.win32\release.win32\background.obj
d:\cocos\projects\202005_xxl\proj.win32\release.win32\welcomescene.obj
d:\cocos\projects\202005_xxl\proj.win32\release.win32\secondscene.obj
d:\cocos\projects\202005_xxl\proj.win32\release.win32\vc142.pdb
d:\cocos\projects\202005_xxl\proj.win32\release.win32\game.res
d:\cocos\projects\202005_xxl\proj.win32\release.win32\libcocos2d.exp
d:\cocos\projects\202005_xxl\proj.win32\release.win32\202005_xxl.pdb
d:\cocos\projects\202005_xxl\proj.win32\release.win32\libcocos2d.pdb
d:\cocos\projects\202005_xxl\proj.win32\release.win32\202005_xxl.tlog\202005_xxl.write.1u.tlog
d:\cocos\projects\202005_xxl\proj.win32\release.win32\202005_xxl.tlog\cl.10612.write.1.tlog
d:\cocos\projects\202005_xxl\proj.win32\release.win32\202005_xxl.tlog\cl.command.1.tlog
d:\cocos\projects\202005_xxl\proj.win32\release.win32\202005_xxl.tlog\cl.read.1.tlog
d:\cocos\projects\202005_xxl\proj.win32\release.win32\202005_xxl.tlog\custombuildstep.read.1u.tlog
d:\cocos\projects\202005_xxl\proj.win32\release.win32\202005_xxl.tlog\custombuildstep.write.1u.tlog
d:\cocos\projects\202005_xxl\proj.win32\release.win32\202005_xxl.tlog\link.command.1.tlog
d:\cocos\projects\202005_xxl\proj.win32\release.win32\202005_xxl.tlog\link.read.1.tlog
d:\cocos\projects\202005_xxl\proj.win32\release.win32\202005_xxl.tlog\link.write.1.tlog
d:\cocos\projects\202005_xxl\proj.win32\release.win32\202005_xxl.tlog\rc.command.1.tlog
d:\cocos\projects\202005_xxl\proj.win32\release.win32\202005_xxl.tlog\rc.read.1.tlog
d:\cocos\projects\202005_xxl\proj.win32\release.win32\202005_xxl.tlog\rc.write.1.tlog
