  202005_XXL.vcxproj -> D:\cocos\Projects\202005_XXL\proj.win32\Debug.win32\202005_XXL.exe
  Performing Custom Build Step
  D:\cocos\Projects\202005_XXL\Resources\back.jpg -> D:\cocos\Projects\202005_XXL\proj.win32\Debug.win32\Resources\back.jpg
  D:\cocos\Projects\202005_XXL\Resources\bgm.mp3 -> D:\cocos\Projects\202005_XXL\proj.win32\Debug.win32\Resources\bgm.mp3
  D:\cocos\Projects\202005_XXL\Resources\circle.png -> D:\cocos\Projects\202005_XXL\proj.win32\Debug.win32\Resources\circle.png
  D:\cocos\Projects\202005_XXL\Resources\CloseNormal.png -> D:\cocos\Projects\202005_XXL\proj.win32\Debug.win32\Resources\CloseNormal.png
  D:\cocos\Projects\202005_XXL\Resources\CloseSelected.png -> D:\cocos\Projects\202005_XXL\proj.win32\Debug.win32\Resources\CloseSelected.png
  D:\cocos\Projects\202005_XXL\Resources\colLine.jpg -> D:\cocos\Projects\202005_XXL\proj.win32\Debug.win32\Resources\colLine.jpg
  D:\cocos\Projects\202005_XXL\Resources\fail.mp3 -> D:\cocos\Projects\202005_XXL\proj.win32\Debug.win32\Resources\fail.mp3
  D:\cocos\Projects\202005_XXL\Resources\fruit.png -> D:\cocos\Projects\202005_XXL\proj.win32\Debug.win32\Resources\fruit.png
  D:\cocos\Projects\202005_XXL\Resources\fruit_normal.png -> D:\cocos\Projects\202005_XXL\proj.win32\Debug.win32\Resources\fruit_normal.png
  D:\cocos\Projects\202005_XXL\Resources\gameover.jpg -> D:\cocos\Projects\202005_XXL\proj.win32\Debug.win32\Resources\gameover.jpg
  D:\cocos\Projects\202005_XXL\Resources\HelloWorld.png -> D:\cocos\Projects\202005_XXL\proj.win32\Debug.win32\Resources\HelloWorld.png
  D:\cocos\Projects\202005_XXL\Resources\luff.jpg -> D:\cocos\Projects\202005_XXL\proj.win32\Debug.win32\Resources\luff.jpg
  D:\cocos\Projects\202005_XXL\Resources\luff.png -> D:\cocos\Projects\202005_XXL\proj.win32\Debug.win32\Resources\luff.png
  D:\cocos\Projects\202005_XXL\Resources\luff_around.png -> D:\cocos\Projects\202005_XXL\proj.win32\Debug.win32\Resources\luff_around.png
  D:\cocos\Projects\202005_XXL\Resources\luff_col.png -> D:\cocos\Projects\202005_XXL\proj.win32\Debug.win32\Resources\luff_col.png
  D:\cocos\Projects\202005_XXL\Resources\luff_row.png -> D:\cocos\Projects\202005_XXL\proj.win32\Debug.win32\Resources\luff_row.png
  D:\cocos\Projects\202005_XXL\Resources\luff_special.png -> D:\cocos\Projects\202005_XXL\proj.win32\Debug.win32\Resources\luff_special.png
  D:\cocos\Projects\202005_XXL\Resources\newworld.jpg -> D:\cocos\Projects\202005_XXL\proj.win32\Debug.win32\Resources\newworld.jpg
  D:\cocos\Projects\202005_XXL\Resources\normal_circle.png -> D:\cocos\Projects\202005_XXL\proj.win32\Debug.win32\Resources\normal_circle.png
  D:\cocos\Projects\202005_XXL\Resources\normal_close.png -> D:\cocos\Projects\202005_XXL\proj.win32\Debug.win32\Resources\normal_close.png
  D:\cocos\Projects\202005_XXL\Resources\normal_start.png -> D:\cocos\Projects\202005_XXL\proj.win32\Debug.win32\Resources\normal_start.png
  D:\cocos\Projects\202005_XXL\Resources\onepiece.jpg -> D:\cocos\Projects\202005_XXL\proj.win32\Debug.win32\Resources\onepiece.jpg
  D:\cocos\Projects\202005_XXL\Resources\onepiece2.jpg -> D:\cocos\Projects\202005_XXL\proj.win32\Debug.win32\Resources\onepiece2.jpg
  D:\cocos\Projects\202005_XXL\Resources\pause.png -> D:\cocos\Projects\202005_XXL\proj.win32\Debug.win32\Resources\pause.png
  D:\cocos\Projects\202005_XXL\Resources\restart.jpg -> D:\cocos\Projects\202005_XXL\proj.win32\Debug.win32\Resources\restart.jpg
  D:\cocos\Projects\202005_XXL\Resources\rowLine.jpg -> D:\cocos\Projects\202005_XXL\proj.win32\Debug.win32\Resources\rowLine.jpg
  D:\cocos\Projects\202005_XXL\Resources\rowLine.png -> D:\cocos\Projects\202005_XXL\proj.win32\Debug.win32\Resources\rowLine.png
  D:\cocos\Projects\202005_XXL\Resources\sanji.png -> D:\cocos\Projects\202005_XXL\proj.win32\Debug.win32\Resources\sanji.png
  D:\cocos\Projects\202005_XXL\Resources\sanji_around.png -> D:\cocos\Projects\202005_XXL\proj.win32\Debug.win32\Resources\sanji_around.png
  D:\cocos\Projects\202005_XXL\Resources\sanji_col.png -> D:\cocos\Projects\202005_XXL\proj.win32\Debug.win32\Resources\sanji_col.png
  D:\cocos\Projects\202005_XXL\Resources\sanji_row.png -> D:\cocos\Projects\202005_XXL\proj.win32\Debug.win32\Resources\sanji_row.png
  D:\cocos\Projects\202005_XXL\Resources\sanji_special.png -> D:\cocos\Projects\202005_XXL\proj.win32\Debug.win32\Resources\sanji_special.png
  D:\cocos\Projects\202005_XXL\Resources\selected_circle.png -> D:\cocos\Projects\202005_XXL\proj.win32\Debug.win32\Resources\selected_circle.png
  D:\cocos\Projects\202005_XXL\Resources\selected_start.png -> D:\cocos\Projects\202005_XXL\proj.win32\Debug.win32\Resources\selected_start.png
  D:\cocos\Projects\202005_XXL\Resources\slider -> D:\cocos\Projects\202005_XXL\proj.win32\Debug.win32\Resources\slider
  D:\cocos\Projects\202005_XXL\Resources\solo.png -> D:\cocos\Projects\202005_XXL\proj.win32\Debug.win32\Resources\solo.png
  D:\cocos\Projects\202005_XXL\Resources\solo_around.png -> D:\cocos\Projects\202005_XXL\proj.win32\Debug.win32\Resources\solo_around.png
  D:\cocos\Projects\202005_XXL\Resources\solo_col.png -> D:\cocos\Projects\202005_XXL\proj.win32\Debug.win32\Resources\solo_col.png
  D:\cocos\Projects\202005_XXL\Resources\solo_row.png -> D:\cocos\Projects\202005_XXL\proj.win32\Debug.win32\Resources\solo_row.png
  D:\cocos\Projects\202005_XXL\Resources\solo_special.png -> D:\cocos\Projects\202005_XXL\proj.win32\Debug.win32\Resources\solo_special.png
  D:\cocos\Projects\202005_XXL\Resources\start.png -> D:\cocos\Projects\202005_XXL\proj.win32\Debug.win32\Resources\start.png
  D:\cocos\Projects\202005_XXL\Resources\start_game.png -> D:\cocos\Projects\202005_XXL\proj.win32\Debug.win32\Resources\start_game.png
  D:\cocos\Projects\202005_XXL\Resources\stop.png -> D:\cocos\Projects\202005_XXL\proj.win32\Debug.win32\Resources\stop.png
  D:\cocos\Projects\202005_XXL\Resources\xks.png -> D:\cocos\Projects\202005_XXL\proj.win32\Debug.win32\Resources\xks.png
  D:\cocos\Projects\202005_XXL\Resources\xks_around.png -> D:\cocos\Projects\202005_XXL\proj.win32\Debug.win32\Resources\xks_around.png
  D:\cocos\Projects\202005_XXL\Resources\xks_col.png -> D:\cocos\Projects\202005_XXL\proj.win32\Debug.win32\Resources\xks_col.png
  D:\cocos\Projects\202005_XXL\Resources\xks_row.png -> D:\cocos\Projects\202005_XXL\proj.win32\Debug.win32\Resources\xks_row.png
  D:\cocos\Projects\202005_XXL\Resources\xks_special.png -> D:\cocos\Projects\202005_XXL\proj.win32\Debug.win32\Resources\xks_special.png
  D:\cocos\Projects\202005_XXL\Resources\浜口史郎 - 互いを信じ、それぞれの道へ (互相信赖，前往各自的道路).lrc -> D:\cocos\Projects\202005_XXL\proj.win32\Debug.win32\Resources\浜口史郎 - 互いを信じ、それぞれの道へ (互相信赖，前往各自的道路).lrc
  D:\cocos\Projects\202005_XXL\Resources\田中公平 - アイキャッチ (过场音乐) (新世界 ver_).lrc -> D:\cocos\Projects\202005_XXL\proj.win32\Debug.win32\Resources\田中公平 - アイキャッチ (过场音乐) (新世界 ver_).lrc
  D:\cocos\Projects\202005_XXL\Resources\fonts\arial.ttf -> D:\cocos\Projects\202005_XXL\proj.win32\Debug.win32\Resources\fonts\arial.ttf
  D:\cocos\Projects\202005_XXL\Resources\fonts\Marker Felt.ttf -> D:\cocos\Projects\202005_XXL\proj.win32\Debug.win32\Resources\fonts\Marker Felt.ttf
  D:\cocos\Projects\202005_XXL\Resources\res\.gitkeep -> D:\cocos\Projects\202005_XXL\proj.win32\Debug.win32\Resources\res\.gitkeep
  复制了 53 个文件
